This is pdfTeX, Version 3.141592653-2.6-1.40.24 (TeX Live 2022/Debian) (preloaded format=pdflatex 2023.3.10)  20 MAR 2023 09:11
entering extended mode
 restricted \write18 enabled.
 %&-line parsing enabled.
**cv.tex
(./cv.tex
LaTeX2e <2022-11-01> patch level 1
L3 programming layer <2023-01-16>
(/usr/share/texlive/texmf-dist/tex/latex/base/article.cls
Document Class: article 2022/07/02 v1.4n Standard LaTeX document class
(/usr/share/texlive/texmf-dist/tex/latex/base/size12.clo
File: size12.clo 2022/07/02 v1.4n Standard LaTeX file (size option)
)
\c@part=\count185
\c@section=\count186
\c@subsection=\count187
\c@subsubsection=\count188
\c@paragraph=\count189
\c@subparagraph=\count190
\c@figure=\count191
\c@table=\count192
\abovecaptionskip=\skip48
\belowcaptionskip=\skip49
\bibindent=\dimen140
)
(/usr/share/texlive/texmf-dist/tex/latex/titlesec/titlesec.sty
Package: titlesec 2021/07/05 v2.14 Sectioning titles
\ttl@box=\box51
\beforetitleunit=\skip50
\aftertitleunit=\skip51
\ttl@plus=\dimen141
\ttl@minus=\dimen142
\ttl@toksa=\toks16
\titlewidth=\dimen143
\titlewidthlast=\dimen144
\titlewidthfirst=\dimen145
)
(/usr/share/texlive/texmf-dist/tex/latex/titling/titling.sty
Package: titling 2009/09/04 v2.1d maketitle typesetting
\thanksmarkwidth=\skip52
\thanksmargin=\skip53
\droptitle=\skip54
)
(/usr/share/texlive/texmf-dist/tex/latex/float/float.sty
Package: float 2001/11/08 v1.3d Float enhancements (AL)
\c@float@type=\count193
\float@exts=\toks17
\float@box=\box52
\@float@everytoks=\toks18
\@floatcapt=\box53
)
(/usr/share/texlive/texmf-dist/tex/latex/booktabs/booktabs.sty
Package: booktabs 2020/01/12 v1.61803398 Publication quality tables
\heavyrulewidth=\dimen146
\lightrulewidth=\dimen147
\cmidrulewidth=\dimen148
\belowrulesep=\dimen149
\belowbottomsep=\dimen150
\aboverulesep=\dimen151
\abovetopsep=\dimen152
\cmidrulesep=\dimen153
\cmidrulekern=\dimen154
\defaultaddspace=\dimen155
\@cmidla=\count194
\@cmidlb=\count195
\@aboverulesep=\dimen156
\@belowrulesep=\dimen157
\@thisruleclass=\count196
\@lastruleclass=\count197
\@thisrulewidth=\dimen158
)
(/usr/share/texlive/texmf-dist/tex/latex/tools/multicol.sty
Package: multicol 2021/11/30 v1.9d multicolumn formatting (FMi)
\c@tracingmulticols=\count198
\mult@box=\box54
\multicol@leftmargin=\dimen159
\c@unbalance=\count199
\c@collectmore=\count266
\doublecol@number=\count267
\multicoltolerance=\count268
\multicolpretolerance=\count269
\full@width=\dimen160
\page@free=\dimen161
\premulticols=\dimen162
\postmulticols=\dimen163
\multicolsep=\skip55
\multicolbaselineskip=\skip56
\partial@page=\box55
\last@line=\box56
\maxbalancingoverflow=\dimen164
\mult@rightbox=\box57
\mult@grightbox=\box58
\mult@firstbox=\box59
\mult@gfirstbox=\box60
\@tempa=\box61
\@tempa=\box62
\@tempa=\box63
\@tempa=\box64
\@tempa=\box65
\@tempa=\box66
\@tempa=\box67
\@tempa=\box68
\@tempa=\box69
\@tempa=\box70
\@tempa=\box71
\@tempa=\box72
\@tempa=\box73
\@tempa=\box74
\@tempa=\box75
\@tempa=\box76
\@tempa=\box77
\@tempa=\box78
\@tempa=\box79
\@tempa=\box80
\@tempa=\box81
\@tempa=\box82
\@tempa=\box83
\@tempa=\box84
\@tempa=\box85
\@tempa=\box86
\@tempa=\box87
\@tempa=\box88
\@tempa=\box89
\@tempa=\box90
\@tempa=\box91
\@tempa=\box92
\@tempa=\box93
\@tempa=\box94
\@tempa=\box95
\@tempa=\box96
\c@minrows=\count270
\c@columnbadness=\count271
\c@finalcolumnbadness=\count272
\last@try=\dimen165
\multicolovershoot=\dimen166
\multicolundershoot=\dimen167
\mult@nat@firstbox=\box97
\colbreak@box=\box98
\mc@col@check@num=\count273
)
(/usr/share/texlive/texmf-dist/tex/latex/multirow/multirow.sty
Package: multirow 2021/03/15 v2.8 Span multiple rows of a table
\multirow@colwidth=\skip57
\multirow@cntb=\count274
\multirow@dima=\skip58
\bigstrutjot=\dimen168
)
(/usr/share/texlive/texmf-dist/tex/latex/ragged2e/ragged2e.sty
Package: ragged2e 2022/11/13 v3.2 ragged2e Package
\CenteringLeftskip=\skip59
\RaggedLeftLeftskip=\skip60
\RaggedRightLeftskip=\skip61
\CenteringRightskip=\skip62
\RaggedLeftRightskip=\skip63
\RaggedRightRightskip=\skip64
\CenteringParfillskip=\skip65
\RaggedLeftParfillskip=\skip66
\RaggedRightParfillskip=\skip67
\JustifyingParfillskip=\skip68
\CenteringParindent=\skip69
\RaggedLeftParindent=\skip70
\RaggedRightParindent=\skip71
\JustifyingParindent=\skip72
)
(/usr/share/texlive/texmf-dist/tex/latex/xcolor/xcolor.sty
Package: xcolor 2022/06/12 v2.14 LaTeX color extensions (UK)

(/usr/share/texlive/texmf-dist/tex/latex/graphics-cfg/color.cfg
File: color.cfg 2016/01/02 v1.6 sample color configuration
)
Package xcolor Info: Driver file: pdftex.def on input line 227.

(/usr/share/texlive/texmf-dist/tex/latex/graphics-def/pdftex.def
File: pdftex.def 2022/09/22 v1.2b Graphics/color driver for pdftex
)
(/usr/share/texlive/texmf-dist/tex/latex/graphics/mathcolor.ltx)
Package xcolor Info: Model `cmy' substituted by `cmy0' on input line 1353.
Package xcolor Info: Model `hsb' substituted by `rgb' on input line 1357.
Package xcolor Info: Model `RGB' extended on input line 1369.
Package xcolor Info: Model `HTML' substituted by `rgb' on input line 1371.
Package xcolor Info: Model `Hsb' substituted by `hsb' on input line 1372.
Package xcolor Info: Model `tHsb' substituted by `hsb' on input line 1373.
Package xcolor Info: Model `HSB' substituted by `hsb' on input line 1374.
Package xcolor Info: Model `Gray' substituted by `gray' on input line 1375.
Package xcolor Info: Model `wave' substituted by `hsb' on input line 1376.
)
(/usr/share/texlive/texmf-dist/tex/latex/arvo/Arvo.sty
Package: Arvo 2020/12/21 (Carl-Clemens Ebinger and autoinst) Style file for Arv
o fonts.

(/usr/share/texlive/texmf-dist/tex/latex/xkeyval/xkeyval.sty
Package: xkeyval 2022/06/16 v2.9 package option processing (HA)

(/usr/share/texlive/texmf-dist/tex/generic/xkeyval/xkeyval.tex
(/usr/share/texlive/texmf-dist/tex/generic/xkeyval/xkvutils.tex
\XKV@toks=\toks19
\XKV@tempa@toks=\toks20

(/usr/share/texlive/texmf-dist/tex/generic/xkeyval/keyval.tex))
\XKV@depth=\count275
File: xkeyval.tex 2014/12/03 v2.7a key=value parser (HA)
))
(/usr/share/texlive/texmf-dist/tex/latex/base/fontenc.sty
Package: fontenc 2021/04/29 v2.0v Standard LaTeX package
)
(/usr/share/texlive/texmf-dist/tex/latex/base/textcomp.sty
Package: textcomp 2020/02/02 v2.0n Standard LaTeX package
)
(/usr/share/texlive/texmf-dist/tex/latex/base/ifthen.sty
Package: ifthen 2022/04/13 v1.1d Standard LaTeX ifthen package (DPC)
)
(/usr/share/texlive/texmf-dist/tex/latex/fontaxes/fontaxes.sty
Package: fontaxes 2020/07/21 v1.0e Font selection axes
LaTeX Info: Redefining \upshape on input line 29.
LaTeX Info: Redefining \itshape on input line 31.
LaTeX Info: Redefining \slshape on input line 33.
LaTeX Info: Redefining \swshape on input line 35.
LaTeX Info: Redefining \scshape on input line 37.
LaTeX Info: Redefining \sscshape on input line 39.
LaTeX Info: Redefining \ulcshape on input line 41.
LaTeX Info: Redefining \textsw on input line 47.
LaTeX Info: Redefining \textssc on input line 48.
LaTeX Info: Redefining \textulc on input line 49.
))
(/usr/share/texlive/texmf-dist/tex/latex/geometry/geometry.sty
Package: geometry 2020/01/02 v5.9 Page Geometry

(/usr/share/texlive/texmf-dist/tex/generic/iftex/ifvtex.sty
Package: ifvtex 2019/10/25 v1.7 ifvtex legacy package. Use iftex instead.

(/usr/share/texlive/texmf-dist/tex/generic/iftex/iftex.sty
Package: iftex 2022/02/03 v1.0f TeX engine tests
))
\Gm@cnth=\count276
\Gm@cntv=\count277
\c@Gm@tempcnt=\count278
\Gm@bindingoffset=\dimen169
\Gm@wd@mp=\dimen170
\Gm@odd@mp=\dimen171
\Gm@even@mp=\dimen172
\Gm@layoutwidth=\dimen173
\Gm@layoutheight=\dimen174
\Gm@layouthoffset=\dimen175
\Gm@layoutvoffset=\dimen176
\Gm@dimlist=\toks21
)
(/usr/share/texlive/texmf-dist/tex/latex/arydshln/arydshln.sty
Package: arydshln 2019/02/21 v1.76 
\dashlinedash=\dimen177
\dashlinegap=\dimen178
\adl@box=\box99
\adl@height=\dimen179
\adl@heightsave=\dimen180
\adl@depth=\dimen181
\adl@depthsave=\dimen182
\adl@finaldepth=\dimen183
\adl@columns=\count279
\adl@ncol=\count280
\adl@currentcolumn=\count281
\adl@currentcolumnsave=\count282
\adl@totalheight=\count283
\adl@totalheightsave=\count284
\adl@dash=\count285
\adl@gap=\count286
\adl@cla=\count287
\adl@clb=\count288
\adl@everyvbox=\toks22
\adl@LTpagetotal=\dimen184
)
(/usr/share/texlive/texmf-dist/tex/latex/paralist/paralist.sty
Package: paralist 2017/01/22 v2.7 Extended list environments
\pltopsep=\skip73
\plpartopsep=\skip74
\plitemsep=\skip75
\plparsep=\skip76
\pl@lab=\toks23
)
(/usr/share/texlive/texmf-dist/tex/latex/graphbox/graphbox.sty
Package: graphbox 2018/01/17 v1.1 extension for graphicx to adjust containing b
ox

(/usr/share/texlive/texmf-dist/tex/latex/graphics/graphicx.sty
Package: graphicx 2021/09/16 v1.2d Enhanced LaTeX Graphics (DPC,SPQR)

(/usr/share/texlive/texmf-dist/tex/latex/graphics/graphics.sty
Package: graphics 2022/03/10 v1.4e Standard LaTeX Graphics (DPC,SPQR)

(/usr/share/texlive/texmf-dist/tex/latex/graphics/trig.sty
Package: trig 2021/08/11 v1.11 sin cos tan (DPC)
)
(/usr/share/texlive/texmf-dist/tex/latex/graphics-cfg/graphics.cfg
File: graphics.cfg 2016/06/04 v1.11 sample graphics configuration
)
Package graphics Info: Driver file: pdftex.def on input line 107.
)
\Gin@req@height=\dimen185
\Gin@req@width=\dimen186
)
\Gin@box@box=\box100
\Gin@box@width=\skip77
\Gin@box@height=\skip78
\Gin@box@raise=\skip79
\Gin@box@hspace=\skip80
\Gin@box@bwidth=\skip81
\Gin@box@bheight=\skip82
)
(/usr/share/texlive/texmf-dist/tex/latex/svg/svg.sty
Package: svg 2020/11/26 v2.02k (include SVG pictures)

(/usr/share/texlive/texmf-dist/tex/latex/koma-script/scrbase.sty
Package: scrbase 2022/10/12 v3.38 KOMA-Script package (KOMA-Script-independent 
basics and keyval usage)

(/usr/share/texlive/texmf-dist/tex/latex/koma-script/scrlfile.sty
Package: scrlfile 2022/10/12 v3.38 KOMA-Script package (file load hooks)

(/usr/share/texlive/texmf-dist/tex/latex/koma-script/scrlfile-hook.sty
Package: scrlfile-hook 2022/10/12 v3.38 KOMA-Script package (using LaTeX hooks)


(/usr/share/texlive/texmf-dist/tex/latex/koma-script/scrlogo.sty
Package: scrlogo 2022/10/12 v3.38 KOMA-Script package (logo)
)))
Applying: [2021/05/01] Usage of raw or classic option list on input line 252.
Already applied: [0000/00/00] Usage of raw or classic option list on input line
 368.
)
(/usr/share/texlive/texmf-dist/tex/generic/pdftexcmds/pdftexcmds.sty
Package: pdftexcmds 2020-06-27 v0.33 Utility functions of pdfTeX for LuaTeX (HO
)

(/usr/share/texlive/texmf-dist/tex/generic/infwarerr/infwarerr.sty
Package: infwarerr 2019/12/03 v1.5 Providing info/warning/error messages (HO)
)
(/usr/share/texlive/texmf-dist/tex/generic/ltxcmds/ltxcmds.sty
Package: ltxcmds 2020-05-10 v1.25 LaTeX kernel commands for general use (HO)
)
Package pdftexcmds Info: \pdf@primitive is available.
Package pdftexcmds Info: \pdf@ifprimitive is available.
Package pdftexcmds Info: \pdfdraftmode found.
)
(/usr/share/texlive/texmf-dist/tex/latex/trimspaces/trimspaces.sty
Package: trimspaces 2009/09/17 v1.1 Trim spaces around a token list
)
(/usr/share/texlive/texmf-dist/tex/latex/tools/shellesc.sty
Package: shellesc 2019/11/08 v1.0c unified shell escape interface for LaTeX
Package shellesc Info: Restricted shell escape enabled on input line 77.
)
\c@svg@param@lastpage=\count289
\svg@box=\box101
\c@svg@param@currpage=\count290
)
(/usr/share/texlive/texmf-dist/tex/latex/transparent/transparent.sty
Package: transparent 2022-10-27 v1.5 Transparency with color stacks

(/usr/share/texlive/texmf-dist/tex/latex/transparent/transparent-nometadata.sty
Package: transparent-nometadata 2022-10-27 v1.5 Transparency via pdfTeX's color
 stack (HO)
(/usr/share/texlive/texmf-dist/tex/latex/auxhook/auxhook.sty
Package: auxhook 2019-12-17 v1.6 Hooks for auxiliary files (HO)
)))
(/usr/share/texlive/texmf-dist/tex/latex/pgf/systemlayer/pgfsys.sty
(/usr/share/texlive/texmf-dist/tex/latex/pgf/utilities/pgfrcs.sty
(/usr/share/texlive/texmf-dist/tex/generic/pgf/utilities/pgfutil-common.tex
\pgfutil@everybye=\toks24
\pgfutil@tempdima=\dimen187
\pgfutil@tempdimb=\dimen188
)
(/usr/share/texlive/texmf-dist/tex/generic/pgf/utilities/pgfutil-latex.def
\pgfutil@abb=\box102
)
(/usr/share/texlive/texmf-dist/tex/generic/pgf/utilities/pgfrcs.code.tex
(/usr/share/texlive/texmf-dist/tex/generic/pgf/pgf.revision.tex)
Package: pgfrcs 2023-01-15 v3.1.10 (3.1.10)
))
(/usr/share/texlive/texmf-dist/tex/generic/pgf/systemlayer/pgfsys.code.tex
Package: pgfsys 2023-01-15 v3.1.10 (3.1.10)

(/usr/share/texlive/texmf-dist/tex/generic/pgf/utilities/pgfkeys.code.tex
\pgfkeys@pathtoks=\toks25
\pgfkeys@temptoks=\toks26

(/usr/share/texlive/texmf-dist/tex/generic/pgf/utilities/pgfkeyslibraryfiltered
.code.tex
\pgfkeys@tmptoks=\toks27
))
\pgf@x=\dimen189
\pgf@y=\dimen190
\pgf@xa=\dimen191
\pgf@ya=\dimen192
\pgf@xb=\dimen193
\pgf@yb=\dimen194
\pgf@xc=\dimen195
\pgf@yc=\dimen196
\pgf@xd=\dimen197
\pgf@yd=\dimen198
\w@pgf@writea=\write3
\r@pgf@reada=\read2
\c@pgf@counta=\count291
\c@pgf@countb=\count292
\c@pgf@countc=\count293
\c@pgf@countd=\count294
\t@pgf@toka=\toks28
\t@pgf@tokb=\toks29
\t@pgf@tokc=\toks30
\pgf@sys@id@count=\count295
 (/usr/share/texlive/texmf-dist/tex/generic/pgf/systemlayer/pgf.cfg
File: pgf.cfg 2023-01-15 v3.1.10 (3.1.10)
)
Driver file for pgf: pgfsys-pdftex.def
(/usr/share/texlive/texmf-dist/tex/generic/pgf/systemlayer/pgfsys-pdftex.def
File: pgfsys-pdftex.def 2023-01-15 v3.1.10 (3.1.10)

(/usr/share/texlive/texmf-dist/tex/generic/pgf/systemlayer/pgfsys-common-pdf.de
f
File: pgfsys-common-pdf.def 2023-01-15 v3.1.10 (3.1.10)
)))
(/usr/share/texlive/texmf-dist/tex/generic/pgf/systemlayer/pgfsyssoftpath.code.
tex
File: pgfsyssoftpath.code.tex 2023-01-15 v3.1.10 (3.1.10)
\pgfsyssoftpath@smallbuffer@items=\count296
\pgfsyssoftpath@bigbuffer@items=\count297
)
(/usr/share/texlive/texmf-dist/tex/generic/pgf/systemlayer/pgfsysprotocol.code.
tex
File: pgfsysprotocol.code.tex 2023-01-15 v3.1.10 (3.1.10)
)) (/usr/share/texlive/texmf-dist/tex/latex/hyperref/hyperref.sty
Package: hyperref 2022-11-13 v7.00u Hypertext links for LaTeX

(/usr/share/texlive/texmf-dist/tex/latex/kvsetkeys/kvsetkeys.sty
Package: kvsetkeys 2022-10-05 v1.19 Key value parser (HO)
)
(/usr/share/texlive/texmf-dist/tex/generic/kvdefinekeys/kvdefinekeys.sty
Package: kvdefinekeys 2019-12-19 v1.6 Define keys (HO)
)
(/usr/share/texlive/texmf-dist/tex/generic/pdfescape/pdfescape.sty
Package: pdfescape 2019/12/09 v1.15 Implements pdfTeX's escape features (HO)
)
(/usr/share/texlive/texmf-dist/tex/latex/hycolor/hycolor.sty
Package: hycolor 2020-01-27 v1.10 Color options for hyperref/bookmark (HO)
)
(/usr/share/texlive/texmf-dist/tex/latex/letltxmacro/letltxmacro.sty
Package: letltxmacro 2019/12/03 v1.6 Let assignment for LaTeX macros (HO)
)
(/usr/share/texlive/texmf-dist/tex/latex/hyperref/nameref.sty
Package: nameref 2022-05-17 v2.50 Cross-referencing by name of section

(/usr/share/texlive/texmf-dist/tex/latex/refcount/refcount.sty
Package: refcount 2019/12/15 v3.6 Data extraction from label references (HO)
)
(/usr/share/texlive/texmf-dist/tex/generic/gettitlestring/gettitlestring.sty
Package: gettitlestring 2019/12/15 v1.6 Cleanup title references (HO)

(/usr/share/texlive/texmf-dist/tex/latex/kvoptions/kvoptions.sty
Package: kvoptions 2022-06-15 v3.15 Key value format for package options (HO)
))
\c@section@level=\count298
)
\@linkdim=\dimen199
\Hy@linkcounter=\count299
\Hy@pagecounter=\count300

(/usr/share/texlive/texmf-dist/tex/latex/hyperref/pd1enc.def
File: pd1enc.def 2022-11-13 v7.00u Hyperref: PDFDocEncoding definition (HO)
Now handling font encoding PD1 ...
... no UTF-8 mapping file for font encoding PD1
)
(/usr/share/texlive/texmf-dist/tex/generic/intcalc/intcalc.sty
Package: intcalc 2019/12/15 v1.3 Expandable calculations with integers (HO)
)
(/usr/share/texlive/texmf-dist/tex/generic/etexcmds/etexcmds.sty
Package: etexcmds 2019/12/15 v1.7 Avoid name clashes with e-TeX commands (HO)
)
\Hy@SavedSpaceFactor=\count301

(/usr/share/texlive/texmf-dist/tex/latex/hyperref/puenc.def
File: puenc.def 2022-11-13 v7.00u Hyperref: PDF Unicode definition (HO)
Now handling font encoding PU ...
... no UTF-8 mapping file for font encoding PU
)
Package hyperref Info: Hyper figures OFF on input line 4162.
Package hyperref Info: Link nesting OFF on input line 4167.
Package hyperref Info: Hyper index ON on input line 4170.
Package hyperref Info: Plain pages OFF on input line 4177.
Package hyperref Info: Backreferencing OFF on input line 4182.
Package hyperref Info: Implicit mode ON; LaTeX internals redefined.
Package hyperref Info: Bookmarks ON on input line 4410.
\c@Hy@tempcnt=\count302

(/usr/share/texlive/texmf-dist/tex/latex/url/url.sty
\Urlmuskip=\muskip16
Package: url 2013/09/16  ver 3.4  Verb mode for urls, etc.
)
LaTeX Info: Redefining \url on input line 4748.
\XeTeXLinkMargin=\dimen256

(/usr/share/texlive/texmf-dist/tex/generic/bitset/bitset.sty
Package: bitset 2019/12/09 v1.3 Handle bit-vector datatype (HO)

(/usr/share/texlive/texmf-dist/tex/generic/bigintcalc/bigintcalc.sty
Package: bigintcalc 2019/12/15 v1.5 Expandable calculations on big integers (HO
)
))
\Fld@menulength=\count303
\Field@Width=\dimen257
\Fld@charsize=\dimen258
Package hyperref Info: Hyper figures OFF on input line 6027.
Package hyperref Info: Link nesting OFF on input line 6032.
Package hyperref Info: Hyper index ON on input line 6035.
Package hyperref Info: backreferencing OFF on input line 6042.
Package hyperref Info: Link coloring OFF on input line 6047.
Package hyperref Info: Link coloring with OCG OFF on input line 6052.
Package hyperref Info: PDF/A mode OFF on input line 6057.

(/usr/share/texlive/texmf-dist/tex/latex/base/atbegshi-ltx.sty
Package: atbegshi-ltx 2021/01/10 v1.0c Emulation of the original atbegshi
package with kernel methods
)
\Hy@abspage=\count304
\c@Item=\count305
\c@Hfootnote=\count306
)
Package hyperref Info: Driver (autodetected): hpdftex.

(/usr/share/texlive/texmf-dist/tex/latex/hyperref/hpdftex.def
File: hpdftex.def 2022-11-13 v7.00u Hyperref driver for pdfTeX

(/usr/share/texlive/texmf-dist/tex/latex/base/atveryend-ltx.sty
Package: atveryend-ltx 2020/08/19 v1.0a Emulation of the original atveryend pac
kage
with kernel methods
)
\Fld@listcount=\count307
\c@bookmark@seq@number=\count308

(/usr/share/texlive/texmf-dist/tex/latex/rerunfilecheck/rerunfilecheck.sty
Package: rerunfilecheck 2022-07-10 v1.10 Rerun checks for auxiliary files (HO)

(/usr/share/texlive/texmf-dist/tex/generic/uniquecounter/uniquecounter.sty
Package: uniquecounter 2019/12/15 v1.4 Provide unlimited unique counter (HO)
)
Package uniquecounter Info: New unique counter `rerunfilecheck' on input line 2
85.
)
\Hy@SectionHShift=\skip83
)
Package hyperref Info: Option `colorlinks' set `true' on input line 35.

(/usr/share/texlive/texmf-dist/tex/latex/base/fontenc.sty
Package: fontenc 2021/04/29 v2.0v Standard LaTeX package
LaTeX Font Info:    Trying to load font information for T1+Arvo-TLF on input li
ne 112.

(/usr/share/texlive/texmf-dist/tex/latex/arvo/T1Arvo-TLF.fd
File: T1Arvo-TLF.fd 2020/12/21 (autoinst) Font definitions for T1/Arvo-TLF.
)
LaTeX Font Info:    Font shape `T1/Arvo-TLF/m/n' will be
(Font)              scaled to size 12.0pt on input line 112.
)
LaTeX Font Info:    Trying to load font information for T1+Arvo on input line 3
8.
LaTeX Font Info:    No file T1Arvo.fd. on input line 38.


LaTeX Font Warning: Font shape `T1/Arvo/m/n' undefined
(Font)              using `T1/cmr/m/n' instead on input line 38.

(/usr/share/texlive/texmf-dist/tex/latex/scalerel/scalerel.sty
Package: scalerel 2016/12/29 v1.8 Routines for constrained scaling and stretchi
ng of objects, relative to a reference object or in absolute terms

(/usr/share/texlive/texmf-dist/tex/latex/tools/calc.sty
Package: calc 2017/05/25 v4.3 Infix arithmetic (KKT,FJ)
\calc@Acount=\count309
\calc@Bcount=\count310
\calc@Adimen=\dimen259
\calc@Bdimen=\dimen260
\calc@Askip=\skip84
\calc@Bskip=\skip85
LaTeX Info: Redefining \setlength on input line 80.
LaTeX Info: Redefining \addtolength on input line 81.
\calc@Ccount=\count311
\calc@Cskip=\skip86
)
(/usr/share/texlive/texmf-dist/tex/latex/etoolbox/etoolbox.sty
Package: etoolbox 2020/10/05 v2.5k e-TeX tools for LaTeX (JAW)
\etb@tempcnta=\count312
)
\thesrwidth=\skip87
\thesrheight=\skip88
\srblobheight=\skip89
\srblobdepth=\skip90
\mnxsrwidth=\skip91
\LMex=\skip92
\LMpt=\skip93
)
(/usr/share/texlive/texmf-dist/tex/latex/stackengine/stackengine.sty
Package: stackengine 2021/07/22 v4.11\ Stacking text and objects in convenient 
ways

(/usr/share/texlive/texmf-dist/tex/generic/listofitems/listofitems.sty
(/usr/share/texlive/texmf-dist/tex/generic/listofitems/listofitems.tex
\loi_cnt_foreach_nest=\count313
\loi_nestcnt=\count314
)
Package: listofitems 2019/08/21 v1.63 Grab items in lists using user-specified 
sep char (CT)
)
\c@@stackindex=\count315
\@boxshift=\skip94
\stack@tmplength=\skip95
\temp@stkl=\skip96
\@stackedboxwidth=\skip97
\@addedbox=\box103
\@anchorbox=\box104
\@insetbox=\box105
\se@backgroundbox=\box106
\stackedbox=\box107
\@centerbox=\box108
\c@ROWcellindex@=\count316
)
\c@counter_skilllevel=\count317

(/usr/share/texlive/texmf-dist/tex/latex/l3backend/l3backend-pdftex.def
File: l3backend-pdftex.def 2023-01-16 L3 backend support: PDF output (pdfTeX)
\l__color_backend_stack_int=\count318
\l__pdf_internal_box=\box109
)
(pdf/cv.aux

LaTeX Warning: Label `tab:' multiply defined.


LaTeX Warning: Label `tab:' multiply defined.


LaTeX Warning: Label `tab:' multiply defined.


LaTeX Warning: Label `tab:' multiply defined.


LaTeX Warning: Label `tab:' multiply defined.


LaTeX Warning: Label `tab:' multiply defined.

)
\openout1 = `cv.aux'.

LaTeX Font Info:    Checking defaults for OML/cmm/m/it on input line 285.
LaTeX Font Info:    ... okay on input line 285.
LaTeX Font Info:    Checking defaults for OMS/cmsy/m/n on input line 285.
LaTeX Font Info:    ... okay on input line 285.
LaTeX Font Info:    Checking defaults for OT1/cmr/m/n on input line 285.
LaTeX Font Info:    ... okay on input line 285.
LaTeX Font Info:    Checking defaults for T1/cmr/m/n on input line 285.
LaTeX Font Info:    ... okay on input line 285.
LaTeX Font Info:    Checking defaults for TS1/cmr/m/n on input line 285.
LaTeX Font Info:    ... okay on input line 285.
LaTeX Font Info:    Checking defaults for OMX/cmex/m/n on input line 285.
LaTeX Font Info:    ... okay on input line 285.
LaTeX Font Info:    Checking defaults for U/cmr/m/n on input line 285.
LaTeX Font Info:    ... okay on input line 285.
LaTeX Font Info:    Checking defaults for PD1/pdf/m/n on input line 285.
LaTeX Font Info:    ... okay on input line 285.
LaTeX Font Info:    Checking defaults for PU/pdf/m/n on input line 285.
LaTeX Font Info:    ... okay on input line 285.
 (/usr/share/texlive/texmf-dist/tex/context/base/mkii/supp-pdf.mkii
[Loading MPS to PDF converter (version 2006.09.02).]
\scratchcounter=\count319
\scratchdimen=\dimen261
\scratchbox=\box110
\nofMPsegments=\count320
\nofMParguments=\count321
\everyMPshowfont=\toks31
\MPscratchCnt=\count322
\MPscratchDim=\dimen262
\MPnumerator=\count323
\makeMPintoPDFobject=\count324
\everyMPtoPDFconversion=\toks32
) (/usr/share/texlive/texmf-dist/tex/latex/epstopdf-pkg/epstopdf-base.sty
Package: epstopdf-base 2020-01-24 v2.11 Base part for package epstopdf
Package epstopdf-base Info: Redefining graphics rule for `.eps' on input line 4
85.

(/usr/share/texlive/texmf-dist/tex/latex/latexconfig/epstopdf-sys.cfg
File: epstopdf-sys.cfg 2010/07/13 v1.3 Configuration of (r)epstopdf for TeX Liv
e
))
\c@mv@tabular=\count325
\c@mv@boldtabular=\count326

*geometry* driver: auto-detecting
*geometry* detected driver: pdftex
*geometry* verbose mode - [ preamble ] result:
* driver: pdftex
* paper: a4paper
* layout: <same size as paper>
* layoutoffset:(h,v)=(0.0pt,0.0pt)
* modes: 
* h-part:(L,W,R)=(28.45274pt, 529.30641pt, 39.74872pt)
* v-part:(T,H,B)=(39.74872pt, 765.54941pt, 39.74872pt)
* \paperwidth=597.50787pt
* \paperheight=845.04684pt
* \textwidth=529.30641pt
* \textheight=765.54941pt
* \oddsidemargin=-43.81725pt
* \evensidemargin=-43.81725pt
* \topmargin=-69.52127pt
* \headheight=12.0pt
* \headsep=25.0pt
* \topskip=12.0pt
* \footskip=30.0pt
* \marginparwidth=35.0pt
* \marginparsep=10.0pt
* \columnsep=10.0pt
* \skip\footins=10.8pt plus 4.0pt minus 2.0pt
* \hoffset=0.0pt
* \voffset=0.0pt
* \mag=1000
* \@twocolumnfalse
* \@twosidefalse
* \@mparswitchfalse
* \@reversemarginfalse
* (1in=72.27pt=25.4mm, 1cm=28.453pt)

Package hyperref Info: Link coloring ON on input line 285.
(pdf/cv.out) (pdf/cv.out)
\@outlinefile=\write4
\openout4 = `cv.out'.

LaTeX Font Info:    External font `cmex10' loaded for size
(Font)              <12> on input line 290.
LaTeX Font Info:    External font `cmex10' loaded for size
(Font)              <8> on input line 290.
LaTeX Font Info:    External font `cmex10' loaded for size
(Font)              <6> on input line 290.
LaTeX Font Info:    Font shape `T1/Arvo-TLF/m/n' will be
(Font)              scaled to size 24.88pt on input line 290.
LaTeX Font Info:    Font shape `T1/Arvo-TLF/b/n' will be
(Font)              scaled to size 24.88pt on input line 290.
<./assets//me.png, id=35, 704.6325pt x 765.86125pt>
File: ./assets//me.png Graphic file (type png)
<use ./assets//me.png>
Package pdftex.def Info: ./assets//me.png  used on input line 290.
(pdftex.def)             Requested size: 79.6678pt x 86.58221pt.

Overfull \vbox (47.4323pt too high) detected at line 290
 []

LaTeX Font Info:    Font shape `T1/Arvo-TLF/m/sl' in size <12> not available
(Font)              Font shape `T1/Arvo-TLF/m/it' tried instead on input line 2
90.
LaTeX Font Info:    Font shape `T1/Arvo-TLF/m/it' will be
(Font)              scaled to size 12.0pt on input line 290.
! Extra alignment tab has been changed to \cr.
<recently read> \endtemplate 
                             
l.290 	\maketitle
                 
? 
LaTeX Font Info:    Font shape `T1/Arvo-TLF/m/n' will be
(Font)              scaled to size 10.0pt on input line 290.
LaTeX Font Info:    Font shape `T1/Arvo-TLF/b/n' will be
(Font)              scaled to size 10.0pt on input line 290.
<./assets//githubLG.png, id=38, 120.45pt x 120.45pt>
File: ./assets//githubLG.png Graphic file (type png)
<use ./assets//githubLG.png>
Package pdftex.def Info: ./assets//githubLG.png  used on input line 290.
(pdftex.def)             Requested size: 15.64801pt x 15.6491pt.
<./assets//githubFull.png, id=39, 1003.75pt x 411.5375pt>
File: ./assets//githubFull.png Graphic file (type png)
<use ./assets//githubFull.png>
Package pdftex.def Info: ./assets//githubFull.png  used on input line 290.
(pdftex.def)             Requested size: 38.16739pt x 15.6491pt.
<./assets//linkedinFull.png, id=41, 1031.855pt x 256.96pt>
File: ./assets//linkedinFull.png Graphic file (type png)
<use ./assets//linkedinFull.png>
Package pdftex.def Info: ./assets//linkedinFull.png  used on input line 290.
(pdftex.def)             Requested size: 62.83757pt x 15.6491pt.
<./assets//gitlabFull.png, id=43, 697.60625pt x 152.57pt>
File: ./assets//gitlabFull.png Graphic file (type png)
<use ./assets//gitlabFull.png>
Package pdftex.def Info: ./assets//gitlabFull.png  used on input line 290.
(pdftex.def)             Requested size: 71.553pt x 15.6491pt.

Overfull \hbox (35.17885pt too wide) in paragraph at lines 290--290
[][] 
 []

LaTeX Font Info:    Font shape `T1/Arvo-TLF/m/n' will be
(Font)              scaled to size 17.28pt on input line 294.
LaTeX Font Info:    Font shape `T1/Arvo-TLF/b/n' will be
(Font)              scaled to size 17.28pt on input line 294.

Overfull \hbox (27.43442pt too wide) in paragraph at lines 294--294
|[]\T1/Arvo-TLF/b/n/17.28 Education|  
 []


Underfull \hbox (badness 10000) in paragraph at lines 299--299
[]\T1/Arvo-TLF/b/n/10 B.E.Information
 []

LaTeX Font Info:    Font shape `T1/Arvo-TLF/b/n' will be
(Font)              scaled to size 12.0pt on input line 299.
LaTeX Font Info:    Font shape `T1/Arvo-TLF/m/n' will be
(Font)              scaled to size 10.95pt on input line 299.
LaTeX Font Info:    Font shape `T1/Arvo-TLF/m/it' will be
(Font)              scaled to size 10.95pt on input line 299.
LaTeX Font Info:    Font shape `T1/Arvo-TLF/m/n' will be
(Font)              scaled to size 8.0pt on input line 299.

Overfull \hbox (3.41035pt too wide) in paragraph at lines 303--303
[][]| 
 []


Overfull \hbox (6.00597pt too wide) in paragraph at lines 307--307
[][]| 
 []


Overfull \hbox (115.0867pt too wide) in paragraph at lines 299--308
[][]
 []


Overfull \hbox (115.0867pt too wide) in paragraph at lines 299--308
[]
 []


Overfull \hbox (115.0867pt too wide) in paragraph at lines 299--308
[]
 []


Underfull \hbox (badness 10000) in paragraph at lines 299--308

 []


Overfull \hbox (63.16768pt too wide) in paragraph at lines 308--308
|[]\T1/Arvo-TLF/b/n/17.28 Achievements|  
 []

LaTeX Font Info:    Trying to load font information for T1+cmtt on input line 3
17.
(/usr/share/texlive/texmf-dist/tex/latex/base/t1cmtt.fd
File: t1cmtt.fd 2022/07/10 v2.5l Standard LaTeX font definitions
)
Underfull \hbox (badness 10000) in paragraph at lines 317--317
\T1/Arvo-TLF/b/n/12 school Pre-sen-ta-tion Com-pe-ti-
 []


Overfull \hbox (163.0867pt too wide) in paragraph at lines 317--318
[]$[]$ 
 []


Overfull \hbox (8.02034pt too wide) in paragraph at lines 318--318
|[]\T1/Arvo-TLF/b/n/17.28 Projects|  
 []

LaTeX Font Info:    External font `cmex10' loaded for size
(Font)              <7> on input line 329.
LaTeX Font Info:    External font `cmex10' loaded for size
(Font)              <5> on input line 329.

! LaTeX Error: Illegal character in array arg.

See the LaTeX manual or LaTeX Companion for explanation.
Type  H <return>  for immediate help.
 ...                                              
                                                  
l.329 ...l{https://github.com/decent-man/prcomp} }
                                                  
? 

! LaTeX Error: Illegal character in array arg.

See the LaTeX manual or LaTeX Companion for explanation.
Type  H <return>  for immediate help.
 ...                                              
                                                  
l.329 ...l{https://github.com/decent-man/prcomp} }
                                                  
? 
<./assets//react.png, id=44, 513.92pt x 513.92pt>
File: ./assets//react.png Graphic file (type png)
<use ./assets//react.png>
Package pdftex.def Info: ./assets//react.png  used on input line 329.
(pdftex.def)             Requested size: 13.33179pt x 13.33101pt.

! LaTeX Error: Illegal character in array arg.

See the LaTeX manual or LaTeX Companion for explanation.
Type  H <return>  for immediate help.
 ...                                              
                                                  
l.329 ...l{https://github.com/decent-man/prcomp} }
                                                  
? 

! LaTeX Error: Illegal character in array arg.

See the LaTeX manual or LaTeX Companion for explanation.
Type  H <return>  for immediate help.
 ...                                              
                                                  
l.329 ...l{https://github.com/decent-man/prcomp} }
                                                  
? 
<./assets//ts.png, id=45, 513.92pt x 513.92pt>
File: ./assets//ts.png Graphic file (type png)
<use ./assets//ts.png>
Package pdftex.def Info: ./assets//ts.png  used on input line 329.
(pdftex.def)             Requested size: 13.33179pt x 13.33101pt.

! LaTeX Error: Illegal character in array arg.

See the LaTeX manual or LaTeX Companion for explanation.
Type  H <return>  for immediate help.
 ...                                              
                                                  
l.329 ...l{https://github.com/decent-man/prcomp} }
                                                  
? 

! LaTeX Error: Illegal character in array arg.

See the LaTeX manual or LaTeX Companion for explanation.
Type  H <return>  for immediate help.
 ...                                              
                                                  
l.329 ...l{https://github.com/decent-man/prcomp} }
                                                  
? 
<./assets//html.png, id=46, 256.96pt x 256.96pt>
File: ./assets//html.png Graphic file (type png)
<use ./assets//html.png>
Package pdftex.def Info: ./assets//html.png  used on input line 329.
(pdftex.def)             Requested size: 13.33179pt x 13.33101pt.

! LaTeX Error: Illegal character in array arg.

See the LaTeX manual or LaTeX Companion for explanation.
Type  H <return>  for immediate help.
 ...                                              
                                                  
l.329 ...l{https://github.com/decent-man/prcomp} }
                                                  
? 

! LaTeX Error: Illegal character in array arg.

See the LaTeX manual or LaTeX Companion for explanation.
Type  H <return>  for immediate help.
 ...                                              
                                                  
l.329 ...l{https://github.com/decent-man/prcomp} }
                                                  
? 
<./assets//css.png, id=47, 1885.30435pt x 1885.30435pt>
File: ./assets//css.png Graphic file (type png)
<use ./assets//css.png>
Package pdftex.def Info: ./assets//css.png  used on input line 329.
(pdftex.def)             Requested size: 13.33179pt x 13.31929pt.

! LaTeX Error: Illegal character in array arg.

See the LaTeX manual or LaTeX Companion for explanation.
Type  H <return>  for immediate help.
 ...                                              
                                                  
l.329 ...l{https://github.com/decent-man/prcomp} }
                                                  
? 

! LaTeX Error: Illegal character in array arg.

See the LaTeX manual or LaTeX Companion for explanation.
Type  H <return>  for immediate help.
 ...                                              
                                                  
l.329 ...l{https://github.com/decent-man/prcomp} }
                                                  
? 
<./assets//rust.png, id=48, 317.988pt x 317.988pt>
File: ./assets//rust.png Graphic file (type png)
<use ./assets//rust.png>
Package pdftex.def Info: ./assets//rust.png  used on input line 329.
(pdftex.def)             Requested size: 13.33179pt x 13.3287pt.

! LaTeX Error: Illegal character in array arg.

See the LaTeX manual or LaTeX Companion for explanation.
Type  H <return>  for immediate help.
 ...                                              
                                                  
l.329 ...l{https://github.com/decent-man/prcomp} }
                                                  
? 

! LaTeX Error: Illegal character in array arg.

See the LaTeX manual or LaTeX Companion for explanation.
Type  H <return>  for immediate help.
 ...                                              
                                                  
l.329 ...l{https://github.com/decent-man/prcomp} }
                                                  
? 
<./assets//python.png, id=49, 83.79582pt x 101.5518pt>
File: ./assets//python.png Graphic file (type png)
<use ./assets//python.png>
Package pdftex.def Info: ./assets//python.png  used on input line 329.
(pdftex.def)             Requested size: 13.33179pt x 16.15564pt.
LaTeX Font Info:    Font shape `T1/Arvo-TLF/m/sl' in size <10> not available
(Font)              Font shape `T1/Arvo-TLF/m/it' tried instead on input line 3
29.
LaTeX Font Info:    Font shape `T1/Arvo-TLF/m/it' will be
(Font)              scaled to size 10.0pt on input line 329.

Underfull \hbox (badness 5036) in paragraph at lines 329--329
[]\T1/Arvo-TLF/m/n/8 Search for prod-ucts and get re-sults from mul-ti-ple E-
 []


Overfull \hbox (175.0867pt too wide) in paragraph at lines 329--329
 [] 
 []


! LaTeX Error: Illegal character in array arg.

See the LaTeX manual or LaTeX Companion for explanation.
Type  H <return>  for immediate help.
 ...                                              
                                                  
l.337 ...rl{https://github.com/decent-man/lukup} }
                                                  
? 

! LaTeX Error: Illegal character in array arg.

See the LaTeX manual or LaTeX Companion for explanation.
Type  H <return>  for immediate help.
 ...                                              
                                                  
l.337 ...rl{https://github.com/decent-man/lukup} }
                                                  
? 
File: ./assets//python.png Graphic file (type png)
<use ./assets//python.png>
Package pdftex.def Info: ./assets//python.png  used on input line 337.
(pdftex.def)             Requested size: 13.33179pt x 16.15564pt.

! LaTeX Error: Illegal character in array arg.

See the LaTeX manual or LaTeX Companion for explanation.
Type  H <return>  for immediate help.
 ...                                              
                                                  
l.337 ...rl{https://github.com/decent-man/lukup} }
                                                  
? 

! LaTeX Error: Illegal character in array arg.

See the LaTeX manual or LaTeX Companion for explanation.
Type  H <return>  for immediate help.
 ...                                              
                                                  
l.337 ...rl{https://github.com/decent-man/lukup} }
                                                  
? 
<./assets//selenium.png, id=51, 166.13792pt x 150.35483pt>
File: ./assets//selenium.png Graphic file (type png)
<use ./assets//selenium.png>
Package pdftex.def Info: ./assets//selenium.png  used on input line 337.
(pdftex.def)             Requested size: 13.33179pt x 12.06303pt.

! LaTeX Error: Illegal character in array arg.

See the LaTeX manual or LaTeX Companion for explanation.
Type  H <return>  for immediate help.
 ...                                              
                                                  
l.337 ...rl{https://github.com/decent-man/lukup} }
                                                  
? 

! LaTeX Error: Illegal character in array arg.

See the LaTeX manual or LaTeX Companion for explanation.
Type  H <return>  for immediate help.
 ...                                              
                                                  
l.337 ...rl{https://github.com/decent-man/lukup} }
                                                  
? 

! LaTeX Error: File `tk' not found.

See the LaTeX manual or LaTeX Companion for explanation.
Type  H <return>  for immediate help.
 ...                                              
                                                  
l.337 ...rl{https://github.com/decent-man/lukup} }
                                                  
? 

Overfull \hbox (175.0867pt too wide) in paragraph at lines 337--337
 [] 
 []


! LaTeX Error: Illegal character in array arg.

See the LaTeX manual or LaTeX Companion for explanation.
Type  H <return>  for immediate help.
 ...                                              
                                                  
l.343 					{-}
              
? 

! LaTeX Error: Illegal character in array arg.

See the LaTeX manual or LaTeX Companion for explanation.
Type  H <return>  for immediate help.
 ...                                              
                                                  
l.343 					{-}
              
? 
<./assets//java.png, id=53, 380.42125pt x 513.92pt>
File: ./assets//java.png Graphic file (type png)
<use ./assets//java.png>
Package pdftex.def Info: ./assets//java.png  used on input line 343.
(pdftex.def)             Requested size: 13.33179pt x 18.00471pt.
<./assets//javafx.png, id=54, 240.9pt x 170.6375pt>
File: ./assets//javafx.png Graphic file (type png)
<use ./assets//javafx.png>
Package pdftex.def Info: ./assets//javafx.png  used on input line 343.
(pdftex.def)             Requested size: 38.53008pt x 27.2934pt.

! LaTeX Error: Illegal character in array arg.

See the LaTeX manual or LaTeX Companion for explanation.
Type  H <return>  for immediate help.
 ...                                              
                                                  
l.343 					{-}
              
? 

! LaTeX Error: Illegal character in array arg.

See the LaTeX manual or LaTeX Companion for explanation.
Type  H <return>  for immediate help.
 ...                                              
                                                  
l.343 					{-}
              
? 
<./assets//mysql.png, id=55, 301.125pt x 301.125pt>
File: ./assets//mysql.png Graphic file (type png)
<use ./assets//mysql.png>
Package pdftex.def Info: ./assets//mysql.png  used on input line 343.
(pdftex.def)             Requested size: 13.33179pt x 13.32948pt.

Overfull \hbox (175.0867pt too wide) in paragraph at lines 343--343
 [] 
 []

LaTeX Font Info:    Font shape `T1/Arvo-TLF/m/it' will be
(Font)              scaled to size 8.0pt on input line 345.

Underfull \hbox (badness 10000) in paragraph at lines 345--346

 []

LaTeX Font Info:    Font shape `T1/Arvo-TLF/b/sl' in size <12> not available
(Font)              Font shape `T1/Arvo-TLF/b/it' tried instead on input line 3
56.
LaTeX Font Info:    Font shape `T1/Arvo-TLF/b/it' will be
(Font)              scaled to size 12.0pt on input line 356.
LaTeX Font Info:    External font `cmex10' loaded for size
(Font)              <17.28> on input line 356.

Overfull \hbox (6.3478pt too wide) in paragraph at lines 356--356
[][] 
 []


Overfull \hbox (7.1734pt too wide) in paragraph at lines 362--362
 [][]
 []

<./assets//vim.png, id=56, 1865.03226pt x 1872.80322pt>
File: ./assets//vim.png Graphic file (type png)
<use ./assets//vim.png>
Package pdftex.def Info: ./assets//vim.png  used on input line 381.
(pdftex.def)             Requested size: 17.90012pt x 18.0pt.
<./assets//gitFull.png, id=57, 913.4125pt x 381.425pt>
File: ./assets//gitFull.png Graphic file (type png)
<use ./assets//gitFull.png>
Package pdftex.def Info: ./assets//gitFull.png  used on input line 381.
(pdftex.def)             Requested size: 43.09485pt x 18.0pt.
<./assets//dockerFull.png, id=58, 1206.5075pt x 310.15875pt>
File: ./assets//dockerFull.png Graphic file (type png)
<use ./assets//dockerFull.png>
Package pdftex.def Info: ./assets//dockerFull.png  used on input line 381.
(pdftex.def)             Requested size: 70.01245pt x 18.0pt.
<./assets//reactFull.png, id=59, 5018.75pt x 1685.29625pt>
File: ./assets//reactFull.png Graphic file (type png)
<use ./assets//reactFull.png>
Package pdftex.def Info: ./assets//reactFull.png  used on input line 381.
(pdftex.def)             Requested size: 53.52931pt x 18.0pt.
<./assets//mongoFull.png, id=60, 1106.1325pt x 279.0425pt>
File: ./assets//mongoFull.png Graphic file (type png)
<use ./assets//mongoFull.png>
Package pdftex.def Info: ./assets//mongoFull.png  used on input line 381.
(pdftex.def)             Requested size: 71.34415pt x 18.0pt.
<./assets//mysqlFull.png, id=61, 176.66pt x 119.44624pt>
File: ./assets//mysqlFull.png Graphic file (type png)
<use ./assets//mysqlFull.png>
Package pdftex.def Info: ./assets//mysqlFull.png  used on input line 381.
(pdftex.def)             Requested size: 26.62184pt x 18.0pt.
<./assets//linuxFull.png, id=62, 114.1866pt x 50.1072pt>
File: ./assets//linuxFull.png Graphic file (type png)
<use ./assets//linuxFull.png>
Package pdftex.def Info: ./assets//linuxFull.png  used on input line 381.
(pdftex.def)             Requested size: 41.02002pt x 18.0pt.
<./assets//game.png, id=63, 385.44pt x 385.44pt>
File: ./assets//game.png Graphic file (type png)
<use ./assets//game.png>
Package pdftex.def Info: ./assets//game.png  used on input line 394.
(pdftex.def)             Requested size: 14.22105pt x 14.22636pt.
<./assets//music.png, id=64, 385.44pt x 385.44pt>
File: ./assets//music.png Graphic file (type png)
<use ./assets//music.png>
Package pdftex.def Info: ./assets//music.png  used on input line 395.
(pdftex.def)             Requested size: 14.22105pt x 14.22636pt.
<./assets//dumbbell.png, id=65, 411.136pt x 411.136pt>
File: ./assets//dumbbell.png Graphic file (type png)
<use ./assets//dumbbell.png>
Package pdftex.def Info: ./assets//dumbbell.png  used on input line 396.
(pdftex.def)             Requested size: 14.22185pt x 14.22636pt.
<./assets//tinker.png, id=66, 513.92pt x 513.92pt>
File: ./assets//tinker.png Graphic file (type png)
<use ./assets//tinker.png>
Package pdftex.def Info: ./assets//tinker.png  used on input line 397.
(pdftex.def)             Requested size: 14.22498pt x 14.22636pt.

Overfull \vbox (26.13777pt too high) has occurred while \output is active []


[1{/var/lib/texmf/fonts/map/pdftex/updmap/pdftex.map}

pdfTeX warning: pdflatex: pop empty color page stack 0

 <./assets//me.png> <./assets//githubLG.png> <./assets//githubFull.png> <./asse
ts//linkedinFull.png> <./assets//gitlabFull.png> <./assets//react.png> <./asset
s//ts.png> <./assets//html.png> <./assets//css.png> <./assets//rust.png> <./ass
ets//python.png> <./assets//selenium.png> <./assets//java.png> <./assets//javaf
x.png> <./assets//mysql.png> <./assets//vim.png> <./assets//gitFull.png> <./ass
ets//dockerFull.png> <./assets//reactFull.png> <./assets//mongoFull.png> <./ass
ets//mysqlFull.png> <./assets//linuxFull.png> <./assets//game.png> <./assets//m
usic.png> <./assets//dumbbell.png> <./assets//tinker.png>] (pdf/cv.aux)

LaTeX Font Warning: Some font shapes were not available, defaults substituted.


LaTeX Warning: There were multiply-defined labels.

Package rerunfilecheck Info: File `cv.out' has not changed.
(rerunfilecheck)             Checksum: D504042D99275EC7B72C8D55D6B1E255;616.
 ) 
Here is how much of TeX's memory you used:
 14374 strings out of 478051
 243818 string characters out of 5840943
 1947330 words of memory out of 5000000
 34195 multiletter control sequences out of 15000+600000
 531222 words of font info for 76 fonts, out of 8000000 for 9000
 14 hyphenation exceptions out of 8191
 94i,24n,92p,328b,909s stack positions out of 10000i,1000n,20000p,200000b,200000s
{/usr/share/texlive/texmf-dist/fonts/enc/dvips/arvo/a_od575u.enc}</usr/share/
texlive/texmf-dist/fonts/truetype/public/arvo/Arvo-BoldItalic.ttf>{/usr/share/t
exmf/fonts/enc/dvips/cm-super/cm-super-t1.enc}{/usr/share/texlive/texmf-dist/fo
nts/enc/dvips/arvo/a_fibvii.enc}</usr/share/texlive/texmf-dist/fonts/truetype/p
ublic/arvo/Arvo-Italic.ttf></usr/share/texlive/texmf-dist/fonts/truetype/public
/arvo/Arvo-Regular.ttf></usr/share/texlive/texmf-dist/fonts/truetype/public/arv
o/Arvo-Bold.ttf></usr/share/texlive/texmf-dist/fonts/type1/public/amsfonts/cm/c
mmi8.pfb></usr/share/texlive/texmf-dist/fonts/type1/public/amsfonts/cm/cmr12.pf
b></usr/share/texlive/texmf-dist/fonts/type1/public/amsfonts/cm/cmsy10.pfb></us
r/share/texmf/fonts/type1/public/cm-super/sftt0800.pfb></usr/share/texmf/fonts/
type1/public/cm-super/sftt1000.pfb></usr/share/texmf/fonts/type1/public/cm-supe
r/sftt1200.pfb>
Output written on pdf/cv.pdf (1 page, 1522001 bytes).
PDF statistics:
 156 PDF objects out of 1000 (max. 8388607)
 80 compressed objects within 1 object stream
 9 named destinations out of 1000 (max. 500000)
 199 words of extra memory for PDF output out of 10000 (max. 10000000)

